<?xml version="1.0" encoding="UTF-8"?>
<!-- Generated by org.testng.reporters.JUnitXMLReporter -->
<testsuite hostname="DESKTOP-7JQ4DLN" failures="0" tests="5" name="Default test" time="39.216" errors="0" timestamp="28 Oct 2021 12:50:59 GMT">
  <testcase classname="test.amazonHomeTest" name="login" time="8.208"/>
  <testcase classname="test.amazonHomeTest" name="search" time="5.478"/>
  <testcase classname="test.amazonHomeTest" name="findMin" time="1.925"/>
  <testcase classname="test.amazonHomeTest" name="addToCart" time="19.112"/>
  <testcase classname="test.amazonHomeTest" name="logout" time="3.526"/>
</testsuite> <!-- Default test -->
