<?xml version="1.0" encoding="UTF-8"?>
<testng-results total="5" passed="5" failed="0" skipped="0">
  <reporter-output>
  </reporter-output>
  <suite started-at="2021-10-28T12:50:20Z" name="Default suite" finished-at="2021-10-28T12:50:59Z" duration-ms="39216">
    <groups>
    </groups>
    <test started-at="2021-10-28T12:50:20Z" name="Default test" finished-at="2021-10-28T12:50:59Z" duration-ms="39216">
      <class name="test.amazonHomeTest">
        <test-method is-config="true" signature="beforeSuite()[pri:0, instance:test.amazonHomeTest@21129f1f]" started-at="2021-10-28T18:20:17Z" name="beforeSuite" finished-at="2021-10-28T18:20:17Z" duration-ms="154" status="PASS">
          <reporter-output>
          </reporter-output>
        </test-method> <!-- beforeSuite -->
        <test-method is-config="true" signature="setUpDriver()[pri:0, instance:test.amazonHomeTest@21129f1f]" started-at="2021-10-28T18:20:17Z" name="setUpDriver" finished-at="2021-10-28T18:20:20Z" duration-ms="2673" status="PASS">
          <reporter-output>
          </reporter-output>
        </test-method> <!-- setUpDriver -->
        <test-method signature="login()[pri:0, instance:test.amazonHomeTest@21129f1f]" started-at="2021-10-28T18:20:20Z" name="login" finished-at="2021-10-28T18:20:28Z" duration-ms="8208" status="PASS">
          <reporter-output>
          </reporter-output>
        </test-method> <!-- login -->
        <test-method signature="search()[pri:0, instance:test.amazonHomeTest@21129f1f]" started-at="2021-10-28T18:20:28Z" name="search" finished-at="2021-10-28T18:20:33Z" duration-ms="5478" status="PASS">
          <reporter-output>
          </reporter-output>
        </test-method> <!-- search -->
        <test-method signature="findMin()[pri:0, instance:test.amazonHomeTest@21129f1f]" started-at="2021-10-28T18:20:33Z" name="findMin" finished-at="2021-10-28T18:20:35Z" duration-ms="1925" status="PASS">
          <reporter-output>
          </reporter-output>
        </test-method> <!-- findMin -->
        <test-method signature="addToCart()[pri:0, instance:test.amazonHomeTest@21129f1f]" started-at="2021-10-28T18:20:35Z" name="addToCart" finished-at="2021-10-28T18:20:54Z" duration-ms="19112" status="PASS">
          <reporter-output>
          </reporter-output>
        </test-method> <!-- addToCart -->
        <test-method signature="logout()[pri:0, instance:test.amazonHomeTest@21129f1f]" started-at="2021-10-28T18:20:54Z" name="logout" finished-at="2021-10-28T18:20:58Z" duration-ms="3526" status="PASS">
          <reporter-output>
          </reporter-output>
        </test-method> <!-- logout -->
        <test-method is-config="true" signature="tearDown()[pri:0, instance:test.amazonHomeTest@21129f1f]" started-at="2021-10-28T18:20:58Z" name="tearDown" finished-at="2021-10-28T18:20:59Z" duration-ms="938" status="PASS">
          <reporter-output>
          </reporter-output>
        </test-method> <!-- tearDown -->
      </class> <!-- test.amazonHomeTest -->
    </test> <!-- Default test -->
  </suite> <!-- Default suite -->
</testng-results>
