<?xml version="1.0" encoding="UTF-8"?>
<testng-results total="5" passed="5" failed="0" skipped="0">
  <reporter-output>
  </reporter-output>
  <suite started-at="2021-10-28T14:46:18Z" name="Default suite" finished-at="2021-10-28T14:46:57Z" duration-ms="38873">
    <groups>
    </groups>
    <test started-at="2021-10-28T14:46:18Z" name="Default test" finished-at="2021-10-28T14:46:57Z" duration-ms="38873">
      <class name="test.amazonHomeTest">
        <test-method is-config="true" signature="beforeSuite()[pri:0, instance:test.amazonHomeTest@41294f8]" started-at="2021-10-28T20:16:14Z" name="beforeSuite" finished-at="2021-10-28T20:16:15Z" duration-ms="244" status="PASS">
          <reporter-output>
          </reporter-output>
        </test-method> <!-- beforeSuite -->
        <test-method is-config="true" signature="setUpDriver()[pri:0, instance:test.amazonHomeTest@41294f8]" started-at="2021-10-28T20:16:15Z" name="setUpDriver" finished-at="2021-10-28T20:16:18Z" duration-ms="3309" status="PASS">
          <reporter-output>
          </reporter-output>
        </test-method> <!-- setUpDriver -->
        <test-method signature="login()[pri:0, instance:test.amazonHomeTest@41294f8]" started-at="2021-10-28T20:16:18Z" name="login" finished-at="2021-10-28T20:16:26Z" duration-ms="8117" status="PASS">
          <reporter-output>
          </reporter-output>
        </test-method> <!-- login -->
        <test-method signature="search()[pri:0, instance:test.amazonHomeTest@41294f8]" started-at="2021-10-28T20:16:26Z" name="search" finished-at="2021-10-28T20:16:33Z" duration-ms="6672" status="PASS">
          <reporter-output>
          </reporter-output>
        </test-method> <!-- search -->
        <test-method signature="findMin()[pri:0, instance:test.amazonHomeTest@41294f8]" started-at="2021-10-28T20:16:33Z" name="findMin" finished-at="2021-10-28T20:16:35Z" duration-ms="2001" status="PASS">
          <reporter-output>
          </reporter-output>
        </test-method> <!-- findMin -->
        <test-method signature="addToCart()[pri:0, instance:test.amazonHomeTest@41294f8]" started-at="2021-10-28T20:16:35Z" name="addToCart" finished-at="2021-10-28T20:16:51Z" duration-ms="16593" status="PASS">
          <reporter-output>
          </reporter-output>
        </test-method> <!-- addToCart -->
        <test-method signature="logout()[pri:0, instance:test.amazonHomeTest@41294f8]" started-at="2021-10-28T20:16:51Z" name="logout" finished-at="2021-10-28T20:16:55Z" duration-ms="4058" status="PASS">
          <reporter-output>
          </reporter-output>
        </test-method> <!-- logout -->
        <test-method is-config="true" signature="tearDown()[pri:0, instance:test.amazonHomeTest@41294f8]" started-at="2021-10-28T20:16:55Z" name="tearDown" finished-at="2021-10-28T20:16:57Z" duration-ms="1397" status="PASS">
          <reporter-output>
          </reporter-output>
        </test-method> <!-- tearDown -->
      </class> <!-- test.amazonHomeTest -->
    </test> <!-- Default test -->
  </suite> <!-- Default suite -->
</testng-results>
